<?xml version="1.0" encoding="UTF-8"?>
<!-- Generated by org.testng.reporters.JUnitReportReporter -->
<testsuite skipped="0" hostname="DESKTOP-IVAUSET" name="tests.WithdrawTest" tests="3" failures="0" timestamp="16 Dec 2018 08:50:46 GMT" time="35.089" errors="0">
  <testcase name="verify_withdraw_successful" time="7.847" classname="tests.WithdrawTest"/>
  <testcase name="verify_withdraw_error_message" time="9.757" classname="tests.WithdrawTest"/>
  <testcase name="verify_multiple_withdraw_successful" time="17.485" classname="tests.WithdrawTest"/>
</testsuite> <!-- tests.WithdrawTest -->
