<?xml version="1.0" encoding="UTF-8"?>
<!-- Generated by org.testng.reporters.JUnitReportReporter -->
<testsuite skipped="0" hostname="DESKTOP-IVAUSET" name="tests.Manager_testcases" tests="3" failures="0" timestamp="15 Dec 2018 16:47:05 GMT" time="21.489" errors="0">
  <testcase name="verify_customer_count_with_same_firstname" time="8.094" classname="tests.Manager_testcases"/>
  <testcase name="verify_customer_count_with_same_postcode" time="5.787" classname="tests.Manager_testcases"/>
  <testcase name="verify_customer_count_with_same_lastname" time="7.608" classname="tests.Manager_testcases"/>
</testsuite> <!-- tests.Manager_testcases -->
