<?xml version="1.0" encoding="UTF-8"?>
<!-- Generated by org.testng.reporters.JUnitReportReporter -->
<testsuite skipped="0" hostname="DESKTOP-IVAUSET" name="tests.TransactionsTest" tests="4" failures="0" timestamp="16 Dec 2018 11:01:14 GMT" time="210.290" errors="0">
  <testcase name="verify_deposit_withdraw_diff_currency_type_acc_details" time="33.140" classname="tests.TransactionsTest"/>
  <testcase name="verify_customer_account_transactions" time="21.770" classname="tests.TransactionsTest"/>
  <testcase name="verify_transactions_from_last_10_days" time="56.151" classname="tests.TransactionsTest"/>
  <testcase name="verify_reset_transactions" time="99.229" classname="tests.TransactionsTest"/>
</testsuite> <!-- tests.TransactionsTest -->
