<?xml version="1.0" encoding="UTF-8"?>
<!-- Generated by org.testng.reporters.JUnitReportReporter -->
<testsuite skipped="0" hostname="DESKTOP-IVAUSET" name="tests.WithdrawTest" tests="3" failures="0" timestamp="16 Dec 2018 11:01:14 GMT" time="35.986" errors="0">
  <testcase name="verify_withdraw_successful" time="8.452" classname="tests.WithdrawTest"/>
  <testcase name="verify_withdraw_error_message" time="9.572" classname="tests.WithdrawTest"/>
  <testcase name="verify_multiple_withdraw_successful" time="17.962" classname="tests.WithdrawTest"/>
</testsuite> <!-- tests.WithdrawTest -->
