<?xml version="1.0" encoding="UTF-8"?>
<!-- Generated by org.testng.reporters.JUnitReportReporter -->
<testsuite skipped="0" hostname="DESKTOP-IVAUSET" name="tests.OpenAccountTest" tests="2" failures="0" timestamp="16 Dec 2018 11:01:14 GMT" time="15.244" errors="0">
  <testcase name="open_customer_account" time="8.088" classname="tests.OpenAccountTest"/>
  <testcase name="verify_diff_currency_type_acc_details" time="7.156" classname="tests.OpenAccountTest"/>
</testsuite> <!-- tests.OpenAccountTest -->
