<?xml version="1.0" encoding="UTF-8"?>
<!-- Generated by org.testng.reporters.JUnitReportReporter -->
<testsuite skipped="0" hostname="DESKTOP-IVAUSET" name="tests.CustomerListTest" tests="8" failures="0" timestamp="16 Dec 2018 08:50:46 GMT" time="192.238" errors="0">
  <testcase name="verify_customer_count_with_same_postcode" time="8.098" classname="tests.CustomerListTest"/>
  <testcase name="delete_customer_using_account_number" time="45.802" classname="tests.CustomerListTest"/>
  <testcase name="Create_customer" time="4.536" classname="tests.CustomerListTest"/>
  <testcase name="verify_customer_count_with_same_lastname" time="7.922" classname="tests.CustomerListTest"/>
  <testcase name="validate_customer_details_using_account_number" time="3.913" classname="tests.CustomerListTest"/>
  <testcase name="delete_bulk_customer" time="89.608" classname="tests.CustomerListTest"/>
  <testcase name="delete_customer" time="22.906" classname="tests.CustomerListTest"/>
  <testcase name="verify_customer_count_with_same_firstname" time="9.453" classname="tests.CustomerListTest"/>
</testsuite> <!-- tests.CustomerListTest -->
