<?xml version="1.0" encoding="UTF-8"?>
<!-- Generated by org.testng.reporters.JUnitReportReporter -->
<testsuite skipped="0" hostname="DESKTOP-IVAUSET" name="tests.AddCustomer" tests="3" failures="0" timestamp="15 Dec 2018 17:01:59 GMT" time="15.228" errors="0">
  <testcase name="create_same_customer_with_diff_pincode" time="4.504" classname="tests.AddCustomer"/>
  <testcase name="duplicate_customer_error_validation" time="4.988" classname="tests.AddCustomer"/>
  <testcase name="Create_customer" time="5.736" classname="tests.AddCustomer"/>
</testsuite> <!-- tests.AddCustomer -->
