<?xml version="1.0" encoding="UTF-8"?>
<!-- Generated by org.testng.reporters.JUnitReportReporter -->
<testsuite skipped="0" hostname="DESKTOP-IVAUSET" name="tests.CustomerListTest" tests="8" failures="0" timestamp="16 Dec 2018 11:01:14 GMT" time="189.526" errors="0">
  <testcase name="verify_customer_count_with_same_postcode" time="8.582" classname="tests.CustomerListTest"/>
  <testcase name="delete_customer_using_account_number" time="45.198" classname="tests.CustomerListTest"/>
  <testcase name="Create_customer" time="3.737" classname="tests.CustomerListTest"/>
  <testcase name="verify_customer_count_with_same_lastname" time="7.684" classname="tests.CustomerListTest"/>
  <testcase name="validate_customer_details_using_account_number" time="3.754" classname="tests.CustomerListTest"/>
  <testcase name="delete_bulk_customer" time="89.066" classname="tests.CustomerListTest"/>
  <testcase name="delete_customer" time="22.454" classname="tests.CustomerListTest"/>
  <testcase name="verify_customer_count_with_same_firstname" time="9.051" classname="tests.CustomerListTest"/>
</testsuite> <!-- tests.CustomerListTest -->
