<?xml version="1.0" encoding="UTF-8"?>
<!-- Generated by org.testng.reporters.JUnitReportReporter -->
<testsuite skipped="0" hostname="DESKTOP-IVAUSET" name="tests.TransactionsTest" tests="4" failures="0" timestamp="16 Dec 2018 08:50:46 GMT" time="204.661" errors="0">
  <testcase name="verify_deposit_withdraw_diff_currency_type_acc_details" time="31.804" classname="tests.TransactionsTest"/>
  <testcase name="verify_customer_account_transactions" time="20.644" classname="tests.TransactionsTest"/>
  <testcase name="verify_transactions_from_last_10_days" time="54.438" classname="tests.TransactionsTest"/>
  <testcase name="verify_reset_transactions" time="97.775" classname="tests.TransactionsTest"/>
</testsuite> <!-- tests.TransactionsTest -->
