<?xml version="1.0" encoding="UTF-8"?>
<!-- Generated by org.testng.reporters.JUnitReportReporter -->
<testsuite skipped="0" hostname="DESKTOP-IVAUSET" name="tests.AddCustomerTest" tests="3" failures="0" timestamp="16 Dec 2018 08:50:46 GMT" time="13.736" errors="0">
  <testcase name="create_same_customer_with_diff_pincode" time="4.041" classname="tests.AddCustomerTest"/>
  <testcase name="add_customer" time="4.722" classname="tests.AddCustomerTest"/>
  <testcase name="duplicate_customer_error_validation" time="4.973" classname="tests.AddCustomerTest"/>
</testsuite> <!-- tests.AddCustomerTest -->
