<?xml version="1.0" encoding="UTF-8"?>
<!-- Generated by org.testng.reporters.JUnitReportReporter -->
<testsuite hostname="DESKTOP-IVAUSET" name="generic_lib.Env_Prop" tests="1" failures="0" timestamp="13 Dec 2018 13:45:06 GMT" time="12.851" errors="0">
  <testcase name="printing_env_prop_values" time="12.851" classname="generic_lib.Env_Prop"/>
</testsuite> <!-- generic_lib.Env_Prop -->
