<?xml version="1.0" encoding="UTF-8"?>
<!-- Generated by org.testng.reporters.JUnitReportReporter -->
<testsuite skipped="0" hostname="DESKTOP-IVAUSET" name="tests.DepositTest" tests="2" failures="0" timestamp="16 Dec 2018 08:50:46 GMT" time="19.652" errors="0">
  <testcase name="verify_deposit_successful" time="11.522" classname="tests.DepositTest"/>
  <testcase name="verify_multiple_deposit_successful" time="8.130" classname="tests.DepositTest"/>
</testsuite> <!-- tests.DepositTest -->
