<?xml version="1.0" encoding="UTF-8"?>
<!-- Generated by org.testng.reporters.JUnitReportReporter -->
<testsuite skipped="0" hostname="DESKTOP-IVAUSET" name="tests.Manager_testcasesTest" tests="1" failures="0" timestamp="15 Dec 2018 15:28:57 GMT" time="6.388" errors="0">
  <testcase name="Create_customer" time="6.388" classname="tests.Manager_testcasesTest"/>
</testsuite> <!-- tests.Manager_testcasesTest -->
