<?xml version="1.0" encoding="UTF-8"?>
<!-- Generated by org.testng.reporters.JUnitReportReporter -->
<testsuite skipped="0" hostname="DESKTOP-IVAUSET" name="tests.CustomerLoginTest" tests="5" failures="0" timestamp="16 Dec 2018 11:01:14 GMT" time="44.983" errors="0">
  <testcase name="verify_same_currency_type_acc_details" time="10.695" classname="tests.CustomerLoginTest"/>
  <testcase name="Verify_open_account_message_by_customer_login" time="10.065" classname="tests.CustomerLoginTest"/>
  <testcase name="verify_diff_currency_type_acc_details" time="12.033" classname="tests.CustomerLoginTest"/>
  <testcase name="verify_acc_details" time="5.724" classname="tests.CustomerLoginTest"/>
  <testcase name="verify_customer_successful_login_message" time="6.466" classname="tests.CustomerLoginTest"/>
</testsuite> <!-- tests.CustomerLoginTest -->
