<?xml version="1.0" encoding="UTF-8"?>
<!-- Generated by org.testng.reporters.JUnitReportReporter -->
<testsuite skipped="0" hostname="DESKTOP-IVAUSET" name="tests.CustomerLoginTest" tests="5" failures="0" timestamp="16 Dec 2018 08:50:46 GMT" time="40.350" errors="0">
  <testcase name="verify_same_currency_type_acc_details" time="9.739" classname="tests.CustomerLoginTest"/>
  <testcase name="Verify_open_account_message_by_customer_login" time="8.404" classname="tests.CustomerLoginTest"/>
  <testcase name="verify_diff_currency_type_acc_details" time="11.232" classname="tests.CustomerLoginTest"/>
  <testcase name="verify_acc_details" time="5.666" classname="tests.CustomerLoginTest"/>
  <testcase name="verify_customer_successful_login_message" time="5.309" classname="tests.CustomerLoginTest"/>
</testsuite> <!-- tests.CustomerLoginTest -->
