<?xml version="1.0" encoding="UTF-8"?>
<!-- Generated by org.testng.reporters.JUnitReportReporter -->
<testsuite skipped="0" hostname="DESKTOP-IVAUSET" name="tests.AddCustomerTest" tests="3" failures="0" timestamp="16 Dec 2018 11:01:14 GMT" time="12.441" errors="0">
  <testcase name="create_same_customer_with_diff_pincode" time="3.595" classname="tests.AddCustomerTest"/>
  <testcase name="add_customer" time="3.942" classname="tests.AddCustomerTest"/>
  <testcase name="duplicate_customer_error_validation" time="4.904" classname="tests.AddCustomerTest"/>
</testsuite> <!-- tests.AddCustomerTest -->
